<?xml version="1.0" encoding="UTF-8"?>
<coverage generated="1612538149893" clover="3.2.0">
  <project timestamp="1612538149893" name="All files">
    <metrics statements="33" coveredstatements="33" conditionals="2" coveredconditionals="1" methods="6" coveredmethods="6" elements="41" coveredelements="40" complexity="0" loc="33" ncloc="33" packages="2" files="4" classes="4"/>
    <package name="verbdrillsAPI">
      <metrics statements="10" coveredstatements="10" conditionals="2" coveredconditionals="1" methods="0" coveredmethods="0"/>
      <file name="db.js" path="/Users/connorworthington/websites/verbdrillsAPI/db.js">
        <metrics statements="4" coveredstatements="4" conditionals="2" coveredconditionals="1" methods="0" coveredmethods="0"/>
        <line num="1" count="2" type="stmt"/>
        <line num="2" count="2" type="cond" truecount="1" falsecount="1"/>
        <line num="4" count="2" type="stmt"/>
        <line num="8" count="2" type="stmt"/>
      </file>
      <file name="index.js" path="/Users/connorworthington/websites/verbdrillsAPI/index.js">
        <metrics statements="6" coveredstatements="6" conditionals="0" coveredconditionals="0" methods="0" coveredmethods="0"/>
        <line num="5" count="2" type="stmt"/>
        <line num="6" count="2" type="stmt"/>
        <line num="8" count="2" type="stmt"/>
        <line num="10" count="2" type="stmt"/>
        <line num="11" count="2" type="stmt"/>
        <line num="13" count="2" type="stmt"/>
      </file>
    </package>
    <package name="verbdrillsAPI.routes">
      <metrics statements="23" coveredstatements="23" conditionals="0" coveredconditionals="0" methods="6" coveredmethods="6"/>
      <file name="users.js" path="/Users/connorworthington/websites/verbdrillsAPI/routes/users.js">
        <metrics statements="19" coveredstatements="19" conditionals="0" coveredconditionals="0" methods="5" coveredmethods="5"/>
        <line num="3" count="2" type="stmt"/>
        <line num="9" count="2" type="stmt"/>
        <line num="10" count="4" type="stmt"/>
        <line num="11" count="4" type="stmt"/>
        <line num="14" count="2" type="stmt"/>
        <line num="15" count="1" type="stmt"/>
        <line num="16" count="1" type="stmt"/>
        <line num="17" count="1" type="stmt"/>
        <line num="20" count="2" type="stmt"/>
        <line num="21" count="3" type="stmt"/>
        <line num="23" count="3" type="stmt"/>
        <line num="24" count="3" type="stmt"/>
        <line num="27" count="2" type="stmt"/>
        <line num="28" count="1" type="stmt"/>
        <line num="32" count="1" type="stmt"/>
        <line num="33" count="1" type="stmt"/>
        <line num="36" count="2" type="stmt"/>
        <line num="37" count="1" type="stmt"/>
        <line num="41" count="1" type="stmt"/>
      </file>
      <file name="verbGroups.js" path="/Users/connorworthington/websites/verbdrillsAPI/routes/verbGroups.js">
        <metrics statements="4" coveredstatements="4" conditionals="0" coveredconditionals="0" methods="1" coveredmethods="1"/>
        <line num="3" count="2" type="stmt"/>
        <line num="9" count="2" type="stmt"/>
        <line num="10" count="3" type="stmt"/>
        <line num="12" count="3" type="stmt"/>
      </file>
    </package>
  </project>
</coverage>
