{"/Users/connorworthington/websites/verbdrillsAPI/db.js": {"path":"/Users/connorworthington/websites/verbdrillsAPI/db.js","statementMap":{"0":{"start":{"line":1,"column":19},"end":{"line":1,"column":32}},"1":{"start":{"line":2,"column":11},"end":{"line":2,"column":83}},"2":{"start":{"line":4,"column":13},"end":{"line":6,"column":2}},"3":{"start":{"line":8,"column":0},"end":{"line":8,"column":17}}},"fnMap":{},"branchMap":{"0":{"loc":{"start":{"line":2,"column":11},"end":{"line":2,"column":83}},"type":"cond-expr","locations":[{"start":{"line":2,"column":45},"end":{"line":2,"column":65}},{"start":{"line":2,"column":68},"end":{"line":2,"column":83}}],"line":2}},"s":{"0":2,"1":2,"2":2,"3":2},"f":{},"b":{"0":[2,0]},"_coverageSchema":"1a1c01bbd47fc00a2c39e90264f33305004495a9","hash":"14cab0b378fb7790bf4d3e55f33ded96813b9dd2"}
,"/Users/connorworthington/websites/verbdrillsAPI/index.js": {"path":"/Users/connorworthington/websites/verbdrillsAPI/index.js","statementMap":{"0":{"start":{"line":5,"column":19},"end":{"line":5,"column":41}},"1":{"start":{"line":6,"column":12},"end":{"line":6,"column":21}},"2":{"start":{"line":8,"column":0},"end":{"line":8,"column":27}},"3":{"start":{"line":10,"column":0},"end":{"line":10,"column":36}},"4":{"start":{"line":11,"column":0},"end":{"line":11,"column":26}},"5":{"start":{"line":13,"column":0},"end":{"line":13,"column":21}}},"fnMap":{},"branchMap":{},"s":{"0":2,"1":2,"2":2,"3":2,"4":2,"5":2},"f":{},"b":{},"_coverageSchema":"1a1c01bbd47fc00a2c39e90264f33305004495a9","hash":"62ffd9c8c94a8d2e5d1f079d9b527fb1c7349645"}
,"/Users/connorworthington/websites/verbdrillsAPI/routes/users.js": {"path":"/Users/connorworthington/websites/verbdrillsAPI/routes/users.js","statementMap":{"0":{"start":{"line":3,"column":13},"end":{"line":3,"column":21}},"1":{"start":{"line":9,"column":0},"end":{"line":12,"column":3}},"2":{"start":{"line":10,"column":17},"end":{"line":10,"column":54}},"3":{"start":{"line":11,"column":4},"end":{"line":11,"column":31}},"4":{"start":{"line":14,"column":0},"end":{"line":18,"column":3}},"5":{"start":{"line":15,"column":15},"end":{"line":15,"column":38}},"6":{"start":{"line":16,"column":17},"end":{"line":16,"column":79}},"7":{"start":{"line":17,"column":4},"end":{"line":17,"column":34}},"8":{"start":{"line":20,"column":0},"end":{"line":25,"column":3}},"9":{"start":{"line":21,"column":17},"end":{"line":22,"column":47}},"10":{"start":{"line":23,"column":25},"end":{"line":23,"column":79}},"11":{"start":{"line":24,"column":4},"end":{"line":24,"column":34}},"12":{"start":{"line":27,"column":0},"end":{"line":34,"column":3}},"13":{"start":{"line":28,"column":17},"end":{"line":31,"column":5}},"14":{"start":{"line":32,"column":25},"end":{"line":32,"column":79}},"15":{"start":{"line":33,"column":4},"end":{"line":33,"column":34}},"16":{"start":{"line":36,"column":0},"end":{"line":42,"column":3}},"17":{"start":{"line":37,"column":17},"end":{"line":40,"column":5}},"18":{"start":{"line":41,"column":4},"end":{"line":41,"column":42}}},"fnMap":{"0":{"name":"(anonymous_0)","decl":{"start":{"line":9,"column":16},"end":{"line":9,"column":17}},"loc":{"start":{"line":9,"column":36},"end":{"line":12,"column":1}},"line":9},"1":{"name":"(anonymous_1)","decl":{"start":{"line":14,"column":20},"end":{"line":14,"column":21}},"loc":{"start":{"line":14,"column":40},"end":{"line":18,"column":1}},"line":14},"2":{"name":"(anonymous_2)","decl":{"start":{"line":20,"column":17},"end":{"line":20,"column":18}},"loc":{"start":{"line":20,"column":37},"end":{"line":25,"column":1}},"line":20},"3":{"name":"(anonymous_3)","decl":{"start":{"line":27,"column":21},"end":{"line":27,"column":22}},"loc":{"start":{"line":27,"column":41},"end":{"line":34,"column":1}},"line":27},"4":{"name":"(anonymous_4)","decl":{"start":{"line":36,"column":22},"end":{"line":36,"column":23}},"loc":{"start":{"line":36,"column":42},"end":{"line":42,"column":1}},"line":36}},"branchMap":{},"s":{"0":2,"1":2,"2":4,"3":4,"4":2,"5":1,"6":1,"7":1,"8":2,"9":3,"10":3,"11":3,"12":2,"13":1,"14":1,"15":1,"16":2,"17":1,"18":1},"f":{"0":4,"1":1,"2":3,"3":1,"4":1},"b":{},"_coverageSchema":"1a1c01bbd47fc00a2c39e90264f33305004495a9","hash":"79aa75289c477fe89a7501fc8dc3377e2f6bb25f"}
,"/Users/connorworthington/websites/verbdrillsAPI/routes/verbGroups.js": {"path":"/Users/connorworthington/websites/verbdrillsAPI/routes/verbGroups.js","statementMap":{"0":{"start":{"line":3,"column":13},"end":{"line":3,"column":21}},"1":{"start":{"line":9,"column":0},"end":{"line":13,"column":3}},"2":{"start":{"line":10,"column":17},"end":{"line":11,"column":38}},"3":{"start":{"line":12,"column":4},"end":{"line":12,"column":39}}},"fnMap":{"0":{"name":"(anonymous_0)","decl":{"start":{"line":9,"column":16},"end":{"line":9,"column":17}},"loc":{"start":{"line":9,"column":36},"end":{"line":13,"column":1}},"line":9}},"branchMap":{},"s":{"0":2,"1":2,"2":3,"3":3},"f":{"0":3},"b":{},"_coverageSchema":"1a1c01bbd47fc00a2c39e90264f33305004495a9","hash":"6185b7008752636b0e9fa2c792e6dae71ec581ab"}
}
