TN:
SF:db.js
FNF:0
FNH:0
DA:1,2
DA:2,2
DA:4,2
DA:8,2
LF:4
LH:4
BRDA:2,0,0,2
BRDA:2,0,1,0
BRF:2
BRH:1
end_of_record
TN:
SF:index.js
FNF:0
FNH:0
DA:5,2
DA:6,2
DA:8,2
DA:10,2
DA:11,2
DA:13,2
LF:6
LH:6
BRF:0
BRH:0
end_of_record
TN:
SF:routes/users.js
FN:9,(anonymous_0)
FN:14,(anonymous_1)
FN:20,(anonymous_2)
FN:27,(anonymous_3)
FN:36,(anonymous_4)
FNF:5
FNH:5
FNDA:4,(anonymous_0)
FNDA:1,(anonymous_1)
FNDA:3,(anonymous_2)
FNDA:1,(anonymous_3)
FNDA:1,(anonymous_4)
DA:3,2
DA:9,2
DA:10,4
DA:11,4
DA:14,2
DA:15,1
DA:16,1
DA:17,1
DA:20,2
DA:21,3
DA:23,3
DA:24,3
DA:27,2
DA:28,1
DA:32,1
DA:33,1
DA:36,2
DA:37,1
DA:41,1
LF:19
LH:19
BRF:0
BRH:0
end_of_record
TN:
SF:routes/verbGroups.js
FN:9,(anonymous_0)
FNF:1
FNH:1
FNDA:3,(anonymous_0)
DA:3,2
DA:9,2
DA:10,3
DA:12,3
LF:4
LH:4
BRF:0
BRH:0
end_of_record
